Traceback (most recent call last):
  File "/opt/hostedtoolcache/Python/3.10.13/x64/lib/python3.10/site-packages/jupyter_cache/executors/utils.py", line 58, in single_nb_execution
    executenb(
  File "/opt/hostedtoolcache/Python/3.10.13/x64/lib/python3.10/site-packages/nbclient/client.py", line 1305, in execute
    return NotebookClient(nb=nb, resources=resources, km=km, **kwargs).execute()
  File "/opt/hostedtoolcache/Python/3.10.13/x64/lib/python3.10/site-packages/jupyter_core/utils/__init__.py", line 173, in wrapped
    return loop.run_until_complete(inner)
  File "/opt/hostedtoolcache/Python/3.10.13/x64/lib/python3.10/asyncio/base_events.py", line 649, in run_until_complete
    return future.result()
  File "/opt/hostedtoolcache/Python/3.10.13/x64/lib/python3.10/site-packages/nbclient/client.py", line 705, in async_execute
    await self.async_execute_cell(
  File "/opt/hostedtoolcache/Python/3.10.13/x64/lib/python3.10/site-packages/nbclient/client.py", line 1058, in async_execute_cell
    await self._check_raise_for_error(cell, cell_index, exec_reply)
  File "/opt/hostedtoolcache/Python/3.10.13/x64/lib/python3.10/site-packages/nbclient/client.py", line 914, in _check_raise_for_error
    raise CellExecutionError.from_cell_and_msg(cell, exec_reply_content)
nbclient.exceptions.CellExecutionError: An error occurred while executing the following cell:
------------------
instrument.component_help("Source_div")
------------------


[0;31m---------------------------------------------------------------------------[0m
[0;31mNameError[0m                                 Traceback (most recent call last)
Cell [0;32mIn[6], line 1[0m
[0;32m----> 1[0m [43minstrument[49m[38;5;241;43m.[39;49m[43mcomponent_help[49m[43m([49m[38;5;124;43m"[39;49m[38;5;124;43mSource_div[39;49m[38;5;124;43m"[39;49m[43m)[49m

File [0;32m/opt/hostedtoolcache/Python/3.10.13/x64/lib/python3.10/site-packages/mcstasscript/interface/instr.py:1160[0m, in [0;36mMcCode_instr.component_help[0;34m(self, name, **kwargs)[0m
[1;32m   1150[0m [38;5;28;01mdef[39;00m [38;5;21mcomponent_help[39m([38;5;28mself[39m, name, [38;5;241m*[39m[38;5;241m*[39mkwargs):
[1;32m   1151[0m [38;5;250m    [39m[38;5;124;03m"""[39;00m
[1;32m   1152[0m [38;5;124;03m    Method for showing parameters for a component before adding it[39;00m
[1;32m   1153[0m [38;5;124;03m    to the instrument[39;00m
[0;32m   (...)[0m
[1;32m   1157[0m [38;5;124;03m            Maximum line length in output to terminal[39;00m
[1;32m   1158[0m [38;5;124;03m    """[39;00m
[0;32m-> 1160[0m     dummy_instance [38;5;241m=[39m [38;5;28;43mself[39;49m[38;5;241;43m.[39;49m[43m_create_component_instance[49m[43m([49m[38;5;124;43m"[39;49m[38;5;124;43mdummy[39;49m[38;5;124;43m"[39;49m[43m,[49m[43m [49m[43mname[49m[43m)[49m
[1;32m   1161[0m     dummy_instance[38;5;241m.[39mshow_parameters([38;5;241m*[39m[38;5;241m*[39mkwargs)

File [0;32m/opt/hostedtoolcache/Python/3.10.13/x64/lib/python3.10/site-packages/mcstasscript/interface/instr.py:1174[0m, in [0;36mMcCode_instr._create_component_instance[0;34m(self, name, component_name, **kwargs)[0m
[1;32m   1164[0m [38;5;250m[39m[38;5;124;03m"""[39;00m
[1;32m   1165[0m [38;5;124;03mDynamically creates a class for the requested component type[39;00m
[1;32m   1166[0m 
[0;32m   (...)[0m
[1;32m   1170[0m [38;5;124;03minitialized with the parameters passed to this function.[39;00m
[1;32m   1171[0m [38;5;124;03m"""[39;00m
[1;32m   1173[0m [38;5;28;01mif[39;00m component_name [38;5;129;01mnot[39;00m [38;5;129;01min[39;00m [38;5;28mself[39m[38;5;241m.[39mcomponent_class_lib:
[0;32m-> 1174[0m     comp_info [38;5;241m=[39m [38;5;28;43mself[39;49m[38;5;241;43m.[39;49m[43mcomponent_reader[49m[38;5;241;43m.[39;49m[43mread_name[49m[43m([49m[43mcomponent_name[49m[43m)[49m
[1;32m   1176[0m     input_dict [38;5;241m=[39m {key: [38;5;28;01mNone[39;00m [38;5;28;01mfor[39;00m key [38;5;129;01min[39;00m comp_info[38;5;241m.[39mparameter_names}
[1;32m   1177[0m     input_dict[[38;5;124m"[39m[38;5;124mparameter_names[39m[38;5;124m"[39m] [38;5;241m=[39m comp_info[38;5;241m.[39mparameter_names

File [0;32m/opt/hostedtoolcache/Python/3.10.13/x64/lib/python3.10/site-packages/mcstasscript/helper/component_reader.py:257[0m, in [0;36mComponentReader.read_name[0;34m(self, component_name)[0m
[1;32m    248[0m [38;5;250m[39m[38;5;124;03m"""[39;00m
[1;32m    249[0m [38;5;124;03mReturns ComponentInfo of component with name component_name.[39;00m
[1;32m    250[0m 
[0;32m   (...)[0m
[1;32m    253[0m 
[1;32m    254[0m [38;5;124;03m"""[39;00m
[1;32m    256[0m [38;5;28;01mif[39;00m component_name [38;5;129;01mnot[39;00m [38;5;129;01min[39;00m [38;5;28mself[39m[38;5;241m.[39mcomponent_path:
[0;32m--> 257[0m     [38;5;28;01mraise[39;00m [38;5;167;01mNameError[39;00m([38;5;124m"[39m[38;5;124mNo component named [39m[38;5;124m"[39m
[1;32m    258[0m                     [38;5;241m+[39m component_name
[1;32m    259[0m                     [38;5;241m+[39m [38;5;124m"[39m[38;5;124m in McStas installation or [39m[38;5;124m"[39m
[1;32m    260[0m                     [38;5;241m+[39m [38;5;124m"[39m[38;5;124mcurrent work directory.[39m[38;5;124m"[39m)
[1;32m    262[0m output [38;5;241m=[39m [38;5;28mself[39m[38;5;241m.[39mread_component_file([38;5;28mself[39m[38;5;241m.[39mcomponent_path[component_name])
[1;32m    264[0m [38;5;66;03m# Category loaded using path, in case of Work directory it fails[39;00m

[0;31mNameError[0m: No component named Source_div in McStas installation or current work directory.

