Traceback (most recent call last):
  File "/opt/hostedtoolcache/Python/3.10.13/x64/lib/python3.10/site-packages/jupyter_cache/executors/utils.py", line 58, in single_nb_execution
    executenb(
  File "/opt/hostedtoolcache/Python/3.10.13/x64/lib/python3.10/site-packages/nbclient/client.py", line 1305, in execute
    return NotebookClient(nb=nb, resources=resources, km=km, **kwargs).execute()
  File "/opt/hostedtoolcache/Python/3.10.13/x64/lib/python3.10/site-packages/jupyter_core/utils/__init__.py", line 173, in wrapped
    return loop.run_until_complete(inner)
  File "/opt/hostedtoolcache/Python/3.10.13/x64/lib/python3.10/asyncio/base_events.py", line 649, in run_until_complete
    return future.result()
  File "/opt/hostedtoolcache/Python/3.10.13/x64/lib/python3.10/site-packages/nbclient/client.py", line 705, in async_execute
    await self.async_execute_cell(
  File "/opt/hostedtoolcache/Python/3.10.13/x64/lib/python3.10/site-packages/nbclient/client.py", line 1058, in async_execute_cell
    await self._check_raise_for_error(cell, cell_index, exec_reply)
  File "/opt/hostedtoolcache/Python/3.10.13/x64/lib/python3.10/site-packages/nbclient/client.py", line 914, in _check_raise_for_error
    raise CellExecutionError.from_cell_and_msg(cell, exec_reply_content)
nbclient.exceptions.CellExecutionError: An error occurred while executing the following cell:
------------------
# Average age per gender
print("Average age per gender", df.groupby("Sex")["Age"].mean())

# One can also plot the result
df.groupby("Sex")["Age"].mean().plot(kind="bar")

print()

# min max age per gender
print("Minimum age by gender:", df.groupby("Sex")["Age"].min())
print("Maximum age by gender:", df.groupby("Sex")["Age"].max())

# Other solution: Calculate average, mean and max at once
display(df.groupby("Sex")["Age"].agg([np.mean, np.min, np.max]))

# Average weight and height of people over 35 years of age
print("35 year olds:")
users[users.Age > 35].loc[:, "Height (in)":"Weight (lbs)"].mean()
------------------

----- stdout -----
Average age per gender Sex
F    31.142857
M    36.909091
Name: Age, dtype: float64

Minimum age by gender: Sex
F    23
M    29
Name: Age, dtype: int64
Maximum age by gender: Sex
F    47
M    53
Name: Age, dtype: int64
----- stderr -----
/tmp/ipykernel_5499/1571231152.py:14: FutureWarning: The provided callable <function mean at 0x7fe7842ce950> is currently using SeriesGroupBy.mean. In a future version of pandas, the provided callable will be used directly. To keep current behavior pass the string "mean" instead.
  display(df.groupby("Sex")["Age"].agg([np.mean, np.min, np.max]))
/tmp/ipykernel_5499/1571231152.py:14: FutureWarning: The provided callable <function min at 0x7fe7842ce170> is currently using SeriesGroupBy.min. In a future version of pandas, the provided callable will be used directly. To keep current behavior pass the string "min" instead.
  display(df.groupby("Sex")["Age"].agg([np.mean, np.min, np.max]))
/tmp/ipykernel_5499/1571231152.py:14: FutureWarning: The provided callable <function max at 0x7fe7842ce050> is currently using SeriesGroupBy.max. In a future version of pandas, the provided callable will be used directly. To keep current behavior pass the string "max" instead.
  display(df.groupby("Sex")["Age"].agg([np.mean, np.min, np.max]))
----- stdout -----
35 year olds:
------------------

[0;31m---------------------------------------------------------------------------[0m
[0;31mNameError[0m                                 Traceback (most recent call last)
Cell [0;32mIn[103], line 18[0m
[1;32m     16[0m [38;5;66;03m# Average weight and height of people over 35 years of age[39;00m
[1;32m     17[0m [38;5;28mprint[39m([38;5;124m"[39m[38;5;124m35 year olds:[39m[38;5;124m"[39m)
[0;32m---> 18[0m [43musers[49m[users[38;5;241m.[39mAge [38;5;241m>[39m [38;5;241m35[39m][38;5;241m.[39mloc[:, [38;5;124m"[39m[38;5;124mHeight (in)[39m[38;5;124m"[39m:[38;5;124m"[39m[38;5;124mWeight (lbs)[39m[38;5;124m"[39m][38;5;241m.[39mmean()

[0;31mNameError[0m: name 'users' is not defined

