Traceback (most recent call last):
  File "/opt/hostedtoolcache/Python/3.10.13/x64/lib/python3.10/site-packages/jupyter_cache/executors/utils.py", line 58, in single_nb_execution
    executenb(
  File "/opt/hostedtoolcache/Python/3.10.13/x64/lib/python3.10/site-packages/nbclient/client.py", line 1305, in execute
    return NotebookClient(nb=nb, resources=resources, km=km, **kwargs).execute()
  File "/opt/hostedtoolcache/Python/3.10.13/x64/lib/python3.10/site-packages/jupyter_core/utils/__init__.py", line 173, in wrapped
    return loop.run_until_complete(inner)
  File "/opt/hostedtoolcache/Python/3.10.13/x64/lib/python3.10/asyncio/base_events.py", line 649, in run_until_complete
    return future.result()
  File "/opt/hostedtoolcache/Python/3.10.13/x64/lib/python3.10/site-packages/nbclient/client.py", line 705, in async_execute
    await self.async_execute_cell(
  File "/opt/hostedtoolcache/Python/3.10.13/x64/lib/python3.10/site-packages/nbclient/client.py", line 1058, in async_execute_cell
    await self._check_raise_for_error(cell, cell_index, exec_reply)
  File "/opt/hostedtoolcache/Python/3.10.13/x64/lib/python3.10/site-packages/nbclient/client.py", line 914, in _check_raise_for_error
    raise CellExecutionError.from_cell_and_msg(cell, exec_reply_content)
nbclient.exceptions.CellExecutionError: An error occurred while executing the following cell:
------------------
folder = "../3-mcstas/QENS_elastic_1_pulse"

events = utils.load_qens(folder)
------------------


[0;31m---------------------------------------------------------------------------[0m
[0;31mFileNotFoundError[0m                         Traceback (most recent call last)
Cell [0;32mIn[2], line 3[0m
[1;32m      1[0m folder [38;5;241m=[39m [38;5;124m"[39m[38;5;124m../3-mcstas/QENS_elastic_1_pulse[39m[38;5;124m"[39m
[0;32m----> 3[0m events [38;5;241m=[39m [43mutils[49m[38;5;241;43m.[39;49m[43mload_qens[49m[43m([49m[43mfolder[49m[43m)[49m

File [0;32m~/work/dmsc-school/dmsc-school/4-reduction/qens_utils.py:58[0m, in [0;36mload_qens[0;34m(path)[0m
[1;32m     56[0m     events, meta [38;5;241m=[39m load_ascii(filename[38;5;241m=[39mascii_file)
[1;32m     57[0m [38;5;28;01melse[39;00m:
[0;32m---> 58[0m     events, meta [38;5;241m=[39m [43mload_nexus[49m[43m([49m[43mpath[49m[38;5;241;43m=[39;49m[43mpath[49m[43m)[49m
[1;32m     60[0m weights [38;5;241m=[39m events[38;5;241m.[39mpop([38;5;124m"[39m[38;5;124mp[39m[38;5;124m"[39m)
[1;32m     61[0m weights[38;5;241m.[39munit [38;5;241m=[39m [38;5;124m"[39m[38;5;124mcounts[39m[38;5;124m"[39m

File [0;32m~/work/dmsc-school/dmsc-school/4-reduction/load.py:19[0m, in [0;36mload_nexus[0;34m(path)[0m
[1;32m     17[0m [38;5;28;01mwith[39;00m warnings[38;5;241m.[39mcatch_warnings():
[1;32m     18[0m     warnings[38;5;241m.[39msimplefilter([38;5;124m"[39m[38;5;124mignore[39m[38;5;124m"[39m)
[0;32m---> 19[0m     [38;5;28;01mwith[39;00m [43msx[49m[38;5;241;43m.[39;49m[43mFile[49m[43m([49m[43mfname[49m[43m)[49m [38;5;28;01mas[39;00m f:
[1;32m     20[0m         dg [38;5;241m=[39m f[[38;5;241m.[39m[38;5;241m.[39m[38;5;241m.[39m]
[1;32m     21[0m events [38;5;241m=[39m sc[38;5;241m.[39mcollapse(
[1;32m     22[0m     dg[[38;5;124m"[39m[38;5;124mentry1[39m[38;5;124m"[39m][[38;5;124m"[39m[38;5;124mdata[39m[38;5;124m"[39m][[38;5;124m"[39m[38;5;124mdetector_signal_event_dat[39m[38;5;124m"[39m][38;5;241m.[39mdata, keep[38;5;241m=[39m[38;5;124m"[39m[38;5;124mdim_0[39m[38;5;124m"[39m
[1;32m     23[0m )

File [0;32m/opt/hostedtoolcache/Python/3.10.13/x64/lib/python3.10/site-packages/scippnexus/v2/file.py:29[0m, in [0;36mFile.__init__[0;34m(self, definitions, *args, **kwargs)[0m
[1;32m     27[0m [38;5;28;01mif[39;00m definitions [38;5;129;01mis[39;00m _default_definitions:
[1;32m     28[0m     definitions [38;5;241m=[39m base_definitions()
[0;32m---> 29[0m [38;5;28mself[39m[38;5;241m.[39m_file [38;5;241m=[39m [43mh5py[49m[38;5;241;43m.[39;49m[43mFile[49m[43m([49m[38;5;241;43m*[39;49m[43margs[49m[43m,[49m[43m [49m[38;5;241;43m*[39;49m[38;5;241;43m*[39;49m[43mkwargs[49m[43m)[49m
[1;32m     30[0m [38;5;28msuper[39m()[38;5;241m.[39m[38;5;21m__init__[39m([38;5;28mself[39m[38;5;241m.[39m_file, definitions[38;5;241m=[39mdefinitions)

File [0;32m/opt/hostedtoolcache/Python/3.10.13/x64/lib/python3.10/site-packages/h5py/_hl/files.py:562[0m, in [0;36mFile.__init__[0;34m(self, name, mode, driver, libver, userblock_size, swmr, rdcc_nslots, rdcc_nbytes, rdcc_w0, track_order, fs_strategy, fs_persist, fs_threshold, fs_page_size, page_buf_size, min_meta_keep, min_raw_keep, locking, alignment_threshold, alignment_interval, meta_block_size, **kwds)[0m
[1;32m    553[0m     fapl [38;5;241m=[39m make_fapl(driver, libver, rdcc_nslots, rdcc_nbytes, rdcc_w0,
[1;32m    554[0m                      locking, page_buf_size, min_meta_keep, min_raw_keep,
[1;32m    555[0m                      alignment_threshold[38;5;241m=[39malignment_threshold,
[1;32m    556[0m                      alignment_interval[38;5;241m=[39malignment_interval,
[1;32m    557[0m                      meta_block_size[38;5;241m=[39mmeta_block_size,
[1;32m    558[0m                      [38;5;241m*[39m[38;5;241m*[39mkwds)
[1;32m    559[0m     fcpl [38;5;241m=[39m make_fcpl(track_order[38;5;241m=[39mtrack_order, fs_strategy[38;5;241m=[39mfs_strategy,
[1;32m    560[0m                      fs_persist[38;5;241m=[39mfs_persist, fs_threshold[38;5;241m=[39mfs_threshold,
[1;32m    561[0m                      fs_page_size[38;5;241m=[39mfs_page_size)
[0;32m--> 562[0m     fid [38;5;241m=[39m [43mmake_fid[49m[43m([49m[43mname[49m[43m,[49m[43m [49m[43mmode[49m[43m,[49m[43m [49m[43muserblock_size[49m[43m,[49m[43m [49m[43mfapl[49m[43m,[49m[43m [49m[43mfcpl[49m[43m,[49m[43m [49m[43mswmr[49m[38;5;241;43m=[39;49m[43mswmr[49m[43m)[49m
[1;32m    564[0m [38;5;28;01mif[39;00m [38;5;28misinstance[39m(libver, [38;5;28mtuple[39m):
[1;32m    565[0m     [38;5;28mself[39m[38;5;241m.[39m_libver [38;5;241m=[39m libver

File [0;32m/opt/hostedtoolcache/Python/3.10.13/x64/lib/python3.10/site-packages/h5py/_hl/files.py:235[0m, in [0;36mmake_fid[0;34m(name, mode, userblock_size, fapl, fcpl, swmr)[0m
[1;32m    233[0m     [38;5;28;01mif[39;00m swmr [38;5;129;01mand[39;00m swmr_support:
[1;32m    234[0m         flags [38;5;241m|[39m[38;5;241m=[39m h5f[38;5;241m.[39mACC_SWMR_READ
[0;32m--> 235[0m     fid [38;5;241m=[39m [43mh5f[49m[38;5;241;43m.[39;49m[43mopen[49m[43m([49m[43mname[49m[43m,[49m[43m [49m[43mflags[49m[43m,[49m[43m [49m[43mfapl[49m[38;5;241;43m=[39;49m[43mfapl[49m[43m)[49m
[1;32m    236[0m [38;5;28;01melif[39;00m mode [38;5;241m==[39m [38;5;124m'[39m[38;5;124mr+[39m[38;5;124m'[39m:
[1;32m    237[0m     fid [38;5;241m=[39m h5f[38;5;241m.[39mopen(name, h5f[38;5;241m.[39mACC_RDWR, fapl[38;5;241m=[39mfapl)

File [0;32mh5py/_objects.pyx:54[0m, in [0;36mh5py._objects.with_phil.wrapper[0;34m()[0m

File [0;32mh5py/_objects.pyx:55[0m, in [0;36mh5py._objects.with_phil.wrapper[0;34m()[0m

File [0;32mh5py/h5f.pyx:102[0m, in [0;36mh5py.h5f.open[0;34m()[0m

[0;31mFileNotFoundError[0m: [Errno 2] Unable to synchronously open file (unable to open file: name = '../3-mcstas/QENS_elastic_1_pulse/mccode.h5', errno = 2, error message = 'No such file or directory', flags = 0, o_flags = 0)

